# JRE version: Java(TM) SE Runtime Environment (8.0_211-b12) (build 1.8.0_211-b12)
# Java VM: Java HotSpot(TM) 64-Bit Server VM (25.211-b12 mixed mode windows-amd64 compressed oops)
Heap:
 PSYoungGen      total 295424K, used 174967K [0x0000000715980000, 0x000000072ea00000, 0x00000007c0000000)
  eden space 280576K, 62% used [0x0000000715980000,0x000000072045dfd8,0x0000000726b80000)
  from space 14848K, 0% used [0x0000000726b80000,0x0000000726b80000,0x0000000727a00000)
  to   space 15360K, 0% used [0x000000072db00000,0x000000072db00000,0x000000072ea00000)
 ParOldGen       total 454656K, used 22834K [0x00000005c0c00000, 0x00000005dc800000, 0x0000000715980000)
  object space 454656K, 5% used [0x00000005c0c00000,0x00000005c224cb80,0x00000005dc800000)
 Metaspace       used 59520K, capacity 63370K, committed 63512K, reserved 1103872K
  class space    used 8254K, capacity 8895K, committed 9008K, reserved 1048576K
GC Heap History (10 events):
Event: 3.077 GC heap before
{Heap before GC invocations=6 (full 1):
 PSYoungGen      total 210432K, used 60017K [0x0000000715980000, 0x0000000723e80000, 0x00000007c0000000)
  eden space 191488K, 26% used [0x0000000715980000,0x0000000718a270e8,0x0000000721480000)
  from space 18944K, 53% used [0x0000000722c00000,0x00000007235f55c8,0x0000000723e80000)
  to   space 21504K, 0% used [0x0000000721480000,0x0000000721480000,0x0000000722980000)
 ParOldGen       total 203776K, used 8602K [0x00000005c0c00000, 0x00000005cd300000, 0x0000000715980000)
  object space 203776K, 4% used [0x00000005c0c00000,0x00000005c1466830,0x00000005cd300000)
 Metaspace       used 32981K, capacity 35362K, committed 35496K, reserved 1079296K
  class space    used 4401K, capacity 4837K, committed 4912K, reserved 1048576K
Event: 3.083 GC heap after
Heap after GC invocations=6 (full 1):
 PSYoungGen      total 212992K, used 8546K [0x0000000715980000, 0x0000000728880000, 0x00000007c0000000)
  eden space 191488K, 0% used [0x0000000715980000,0x0000000715980000,0x0000000721480000)
  from space 21504K, 39% used [0x0000000721480000,0x0000000721cd8b40,0x0000000722980000)
  to   space 11264K, 0% used [0x0000000727d80000,0x0000000727d80000,0x0000000728880000)
 ParOldGen       total 203776K, used 8610K [0x00000005c0c00000, 0x00000005cd300000, 0x0000000715980000)
  object space 203776K, 4% used [0x00000005c0c00000,0x00000005c1468830,0x00000005cd300000)
 Metaspace       used 32981K, capacity 35362K, committed 35496K, reserved 1079296K
  class space    used 4401K, capacity 4837K, committed 4912K, reserved 1048576K
}
Event: 3.083 GC heap before
{Heap before GC invocations=7 (full 2):
 PSYoungGen      total 212992K, used 8546K [0x0000000715980000, 0x0000000728880000, 0x00000007c0000000)
  eden space 191488K, 0% used [0x0000000715980000,0x0000000715980000,0x0000000721480000)
  from space 21504K, 39% used [0x0000000721480000,0x0000000721cd8b40,0x0000000722980000)
  to   space 11264K, 0% used [0x0000000727d80000,0x0000000727d80000,0x0000000728880000)
 ParOldGen       total 203776K, used 8610K [0x00000005c0c00000, 0x00000005cd300000, 0x0000000715980000)
  object space 203776K, 4% used [0x00000005c0c00000,0x00000005c1468830,0x00000005cd300000)
 Metaspace       used 32981K, capacity 35362K, committed 35496K, reserved 1079296K
  class space    used 4401K, capacity 4837K, committed 4912K, reserved 1048576K
Event: 3.113 GC heap after
Heap after GC invocations=7 (full 2):
 PSYoungGen      total 212992K, used 0K [0x0000000715980000, 0x0000000728880000, 0x00000007c0000000)
  eden space 191488K, 0% used [0x0000000715980000,0x0000000715980000,0x0000000721480000)
  from space 21504K, 0% used [0x0000000721480000,0x0000000721480000,0x0000000722980000)
  to   space 11264K, 0% used [0x0000000727d80000,0x0000000727d80000,0x0000000728880000)
 ParOldGen       total 315392K, used 13276K [0x00000005c0c00000, 0x00000005d4000000, 0x0000000715980000)
  object space 315392K, 4% used [0x00000005c0c00000,0x00000005c18f7190,0x00000005d4000000)
 Metaspace       used 32981K, capacity 35362K, committed 35496K, reserved 1079296K
  class space    used 4401K, capacity 4837K, committed 4912K, reserved 1048576K
}
Event: 4.738 GC heap before
{Heap before GC invocations=8 (full 2):
 PSYoungGen      total 212992K, used 191488K [0x0000000715980000, 0x0000000728880000, 0x00000007c0000000)
  eden space 191488K, 100% used [0x0000000715980000,0x0000000721480000,0x0000000721480000)
  from space 21504K, 0% used [0x0000000721480000,0x0000000721480000,0x0000000722980000)
  to   space 11264K, 0% used [0x0000000727d80000,0x0000000727d80000,0x0000000728880000)
 ParOldGen       total 315392K, used 13276K [0x00000005c0c00000, 0x00000005d4000000, 0x0000000715980000)
  object space 315392K, 4% used [0x00000005c0c00000,0x00000005c18f7190,0x00000005d4000000)
 Metaspace       used 48207K, capacity 50756K, committed 51248K, reserved 1093632K
  class space    used 6676K, capacity 7154K, committed 7216K, reserved 1048576K
Event: 4.747 GC heap after
Heap after GC invocations=8 (full 2):
 PSYoungGen      total 282624K, used 11243K [0x0000000715980000, 0x0000000728880000, 0x00000007c0000000)
  eden space 271360K, 0% used [0x0000000715980000,0x0000000715980000,0x0000000726280000)
  from space 11264K, 99% used [0x0000000727d80000,0x000000072887aff8,0x0000000728880000)
  to   space 14848K, 0% used [0x0000000726b80000,0x0000000726b80000,0x0000000727a00000)
 ParOldGen       total 315392K, used 18083K [0x00000005c0c00000, 0x00000005d4000000, 0x0000000715980000)
  object space 315392K, 5% used [0x00000005c0c00000,0x00000005c1da8e50,0x00000005d4000000)
 Metaspace       used 48207K, capacity 50756K, committed 51248K, reserved 1093632K
  class space    used 6676K, capacity 7154K, committed 7216K, reserved 1048576K
}
Event: 5.646 GC heap before
{Heap before GC invocations=9 (full 2):
 PSYoungGen      total 282624K, used 139722K [0x0000000715980000, 0x0000000728880000, 0x00000007c0000000)
  eden space 271360K, 47% used [0x0000000715980000,0x000000071d6f7a58,0x0000000726280000)
  from space 11264K, 99% used [0x0000000727d80000,0x000000072887aff8,0x0000000728880000)
  to   space 14848K, 0% used [0x0000000726b80000,0x0000000726b80000,0x0000000727a00000)
 ParOldGen       total 315392K, used 18083K [0x00000005c0c00000, 0x00000005d4000000, 0x0000000715980000)
  object space 315392K, 5% used [0x00000005c0c00000,0x00000005c1da8e50,0x00000005d4000000)
 Metaspace       used 55588K, capacity 59030K, committed 59160K, reserved 1099776K
  class space    used 7644K, capacity 8239K, committed 8240K, reserved 1048576K
Event: 5.654 GC heap after
Heap after GC invocations=9 (full 2):
 PSYoungGen      total 295424K, used 12635K [0x0000000715980000, 0x000000072ea00000, 0x00000007c0000000)
  eden space 280576K, 0% used [0x0000000715980000,0x0000000715980000,0x0000000726b80000)
  from space 14848K, 85% used [0x0000000726b80000,0x00000007277d6db8,0x0000000727a00000)
  to   space 15360K, 0% used [0x000000072db00000,0x000000072db00000,0x000000072ea00000)
 ParOldGen       total 315392K, used 18155K [0x00000005c0c00000, 0x00000005d4000000, 0x0000000715980000)
  object space 315392K, 5% used [0x00000005c0c00000,0x00000005c1dbae60,0x00000005d4000000)
 Metaspace       used 55588K, capacity 59030K, committed 59160K, reserved 1099776K
  class space    used 7644K, capacity 8239K, committed 8240K, reserved 1048576K
}
Event: 5.654 GC heap before
{Heap before GC invocations=10 (full 3):
 PSYoungGen      total 295424K, used 12635K [0x0000000715980000, 0x000000072ea00000, 0x00000007c0000000)
  eden space 280576K, 0% used [0x0000000715980000,0x0000000715980000,0x0000000726b80000)
  from space 14848K, 85% used [0x0000000726b80000,0x00000007277d6db8,0x0000000727a00000)
  to   space 15360K, 0% used [0x000000072db00000,0x000000072db00000,0x000000072ea00000)
 ParOldGen       total 315392K, used 18155K [0x00000005c0c00000, 0x00000005d4000000, 0x0000000715980000)
  object space 315392K, 5% used [0x00000005c0c00000,0x00000005c1dbae60,0x00000005d4000000)
 Metaspace       used 55588K, capacity 59030K, committed 59160K, reserved 1099776K
  class space    used 7644K, capacity 8239K, committed 8240K, reserved 1048576K
Event: 5.765 GC heap after
Heap after GC invocations=10 (full 3):
 PSYoungGen      total 295424K, used 0K [0x0000000715980000, 0x000000072ea00000, 0x00000007c0000000)
  eden space 280576K, 0% used [0x0000000715980000,0x0000000715980000,0x0000000726b80000)
  from space 14848K, 0% used [0x0000000726b80000,0x0000000726b80000,0x0000000727a00000)
  to   space 15360K, 0% used [0x000000072db00000,0x000000072db00000,0x000000072ea00000)
 ParOldGen       total 454656K, used 22834K [0x00000005c0c00000, 0x00000005dc800000, 0x0000000715980000)
  object space 454656K, 5% used [0x00000005c0c00000,0x00000005c224cb80,0x00000005dc800000)
 Metaspace       used 55588K, capacity 59030K, committed 59160K, reserved 1099776K
  class space    used 7644K, capacity 8239K, committed 8240K, reserved 1048576K
}

